This is pdfTeX, Version 3.141592653-2.6-1.40.25 (MiKTeX 23.5 Portable) (preloaded format=pdflatex 2023.9.1)  5 SEP 2025 11:48
entering extended mode
 restricted \write18 enabled.
 %&-line parsing enabled.
**c:/Users/Camille/Documents/Doc_latex/Sam2-installation/main.tex
(c:/Users/Camille/Documents/Doc_latex/Sam2-installation/main.tex
LaTeX2e <2023-06-01> patch level 1
L3 programming layer <2023-08-11>
(C:\Users\Camille\anaconda3\pkgs\miktex-23.5-hcfcfb64_0\Library\miktex\texmfs\install\tex/latex/base\article.cls
Document Class: article 2023/05/17 v1.4n Standard LaTeX document class
(C:\Users\Camille\anaconda3\pkgs\miktex-23.5-hcfcfb64_0\Library\miktex\texmfs\install\tex/latex/base\size10.clo
File: size10.clo 2023/05/17 v1.4n Standard LaTeX file (size option)
)
\c@part=\count185
\c@section=\count186
\c@subsection=\count187
\c@subsubsection=\count188
\c@paragraph=\count189
\c@subparagraph=\count190
\c@figure=\count191
\c@table=\count192
\abovecaptionskip=\skip48
\belowcaptionskip=\skip49
\bibindent=\dimen140
) (C:\Users\Camille\anaconda3\pkgs\miktex-23.5-hcfcfb64_0\Library\miktex\texmfs\install\tex/generic/babel\babel.sty
Package: babel 2023/07/15 v3.92 The Babel package
\babel@savecnt=\count193
\U@D=\dimen141
\l@unhyphenated=\language1
 (C:\Users\Camille\anaconda3\pkgs\miktex-23.5-hcfcfb64_0\Library\miktex\texmfs\install\tex/generic/babel\txtbabel.def)
\bbl@readstream=\read2
\bbl@dirlevel=\count194

*************************************
* Local config file bblopts.cfg used
*
(C:\Users\Camille\anaconda3\pkgs\miktex-23.5-hcfcfb64_0\Library\miktex\texmfs\install\tex/latex/arabi\bblopts.cfg
File: bblopts.cfg 2005/09/08 v0.1 add Arabic and Farsi to "declared" options of babel
) (C:\Users\Camille\anaconda3\pkgs\miktex-23.5-hcfcfb64_0\Library\miktex\texmfs\install\tex/latex/babel-english\english.ldf
Language: english 2017/06/06 v3.3r English support from the babel system
)) (C:\Users\Camille\anaconda3\pkgs\miktex-23.5-hcfcfb64_0\Library\miktex\texmfs\install\tex/generic/babel/locale/en\babel-english.tex
Package babel Info: Importing font and identification data for english
(babel)             from babel-en.ini. Reported on input line 11.
) (C:\Users\Camille\anaconda3\pkgs\miktex-23.5-hcfcfb64_0\Library\miktex\texmfs\install\tex/latex/geometry\geometry.sty
Package: geometry 2020/01/02 v5.9 Page Geometry
 (C:\Users\Camille\anaconda3\pkgs\miktex-23.5-hcfcfb64_0\Library\miktex\texmfs\install\tex/latex/graphics\keyval.sty
Package: keyval 2022/05/29 v1.15 key=value parser (DPC)
\KV@toks@=\toks17
) (C:\Users\Camille\anaconda3\pkgs\miktex-23.5-hcfcfb64_0\Library\miktex\texmfs\install\tex/generic/iftex\ifvtex.sty
Package: ifvtex 2019/10/25 v1.7 ifvtex legacy package. Use iftex instead.
 (C:\Users\Camille\anaconda3\pkgs\miktex-23.5-hcfcfb64_0\Library\miktex\texmfs\install\tex/generic/iftex\iftex.sty
Package: iftex 2022/02/03 v1.0f TeX engine tests
))
\Gm@cnth=\count195
\Gm@cntv=\count196
\c@Gm@tempcnt=\count197
\Gm@bindingoffset=\dimen142
\Gm@wd@mp=\dimen143
\Gm@odd@mp=\dimen144
\Gm@even@mp=\dimen145
\Gm@layoutwidth=\dimen146
\Gm@layoutheight=\dimen147
\Gm@layouthoffset=\dimen148
\Gm@layoutvoffset=\dimen149
\Gm@dimlist=\toks18
 (C:\Users\Camille\anaconda3\pkgs\miktex-23.5-hcfcfb64_0\Library\miktex\texmfs\install\tex/latex/geometry\geometry.cfg)) (C:\Users\Camille\anaconda3\pkgs\miktex-23.5-hcfcfb64_0\Library\miktex\texmfs\install\tex/latex/amsmath\amsmath.sty
Package: amsmath 2023/05/13 v2.17o AMS math features
\@mathmargin=\skip50

For additional information on amsmath, use the `?' option.
(C:\Users\Camille\anaconda3\pkgs\miktex-23.5-hcfcfb64_0\Library\miktex\texmfs\install\tex/latex/amsmath\amstext.sty
Package: amstext 2021/08/26 v2.01 AMS text
 (C:\Users\Camille\anaconda3\pkgs\miktex-23.5-hcfcfb64_0\Library\miktex\texmfs\install\tex/latex/amsmath\amsgen.sty
File: amsgen.sty 1999/11/30 v2.0 generic functions
\@emptytoks=\toks19
\ex@=\dimen150
)) (C:\Users\Camille\anaconda3\pkgs\miktex-23.5-hcfcfb64_0\Library\miktex\texmfs\install\tex/latex/amsmath\amsbsy.sty
Package: amsbsy 1999/11/29 v1.2d Bold Symbols
\pmbraise@=\dimen151
) (C:\Users\Camille\anaconda3\pkgs\miktex-23.5-hcfcfb64_0\Library\miktex\texmfs\install\tex/latex/amsmath\amsopn.sty
Package: amsopn 2022/04/08 v2.04 operator names
)
\inf@bad=\count198
LaTeX Info: Redefining \frac on input line 234.
\uproot@=\count199
\leftroot@=\count266
LaTeX Info: Redefining \overline on input line 399.
LaTeX Info: Redefining \colon on input line 410.
\classnum@=\count267
\DOTSCASE@=\count268
LaTeX Info: Redefining \ldots on input line 496.
LaTeX Info: Redefining \dots on input line 499.
LaTeX Info: Redefining \cdots on input line 620.
\Mathstrutbox@=\box51
\strutbox@=\box52
LaTeX Info: Redefining \big on input line 722.
LaTeX Info: Redefining \Big on input line 723.
LaTeX Info: Redefining \bigg on input line 724.
LaTeX Info: Redefining \Bigg on input line 725.
\big@size=\dimen152
LaTeX Font Info:    Redeclaring font encoding OML on input line 743.
LaTeX Font Info:    Redeclaring font encoding OMS on input line 744.
\macc@depth=\count269
LaTeX Info: Redefining \bmod on input line 905.
LaTeX Info: Redefining \pmod on input line 910.
LaTeX Info: Redefining \smash on input line 940.
LaTeX Info: Redefining \relbar on input line 970.
LaTeX Info: Redefining \Relbar on input line 971.
\c@MaxMatrixCols=\count270
\dotsspace@=\muskip16
\c@parentequation=\count271
\dspbrk@lvl=\count272
\tag@help=\toks20
\row@=\count273
\column@=\count274
\maxfields@=\count275
\andhelp@=\toks21
\eqnshift@=\dimen153
\alignsep@=\dimen154
\tagshift@=\dimen155
\tagwidth@=\dimen156
\totwidth@=\dimen157
\lineht@=\dimen158
\@envbody=\toks22
\multlinegap=\skip51
\multlinetaggap=\skip52
\mathdisplay@stack=\toks23
LaTeX Info: Redefining \[ on input line 2953.
LaTeX Info: Redefining \] on input line 2954.
) (C:\Users\Camille\anaconda3\pkgs\miktex-23.5-hcfcfb64_0\Library\miktex\texmfs\install\tex/latex/graphics\graphicx.sty
Package: graphicx 2021/09/16 v1.2d Enhanced LaTeX Graphics (DPC,SPQR)
 (C:\Users\Camille\anaconda3\pkgs\miktex-23.5-hcfcfb64_0\Library\miktex\texmfs\install\tex/latex/graphics\graphics.sty
Package: graphics 2022/03/10 v1.4e Standard LaTeX Graphics (DPC,SPQR)
 (C:\Users\Camille\anaconda3\pkgs\miktex-23.5-hcfcfb64_0\Library\miktex\texmfs\install\tex/latex/graphics\trig.sty
Package: trig 2021/08/11 v1.11 sin cos tan (DPC)
) (C:\Users\Camille\anaconda3\pkgs\miktex-23.5-hcfcfb64_0\Library\miktex\texmfs\install\tex/latex/graphics-cfg\graphics.cfg
File: graphics.cfg 2016/06/04 v1.11 sample graphics configuration
)
Package graphics Info: Driver file: pdftex.def on input line 107.
 (C:\Users\Camille\anaconda3\pkgs\miktex-23.5-hcfcfb64_0\Library\miktex\texmfs\install\tex/latex/graphics-def\pdftex.def
File: pdftex.def 2022/09/22 v1.2b Graphics/color driver for pdftex
))
\Gin@req@height=\dimen159
\Gin@req@width=\dimen160
) (C:\Users\Camille\anaconda3\pkgs\miktex-23.5-hcfcfb64_0\Library\miktex\texmfs\install\tex/latex/hyperref\hyperref.sty
Package: hyperref 2023-07-08 v7.01b Hypertext links for LaTeX
 (C:\Users\Camille\anaconda3\pkgs\miktex-23.5-hcfcfb64_0\Library\miktex\texmfs\install\tex/generic/ltxcmds\ltxcmds.sty
Package: ltxcmds 2020-05-10 v1.25 LaTeX kernel commands for general use (HO)
) (C:\Users\Camille\anaconda3\pkgs\miktex-23.5-hcfcfb64_0\Library\miktex\texmfs\install\tex/generic/pdftexcmds\pdftexcmds.sty
Package: pdftexcmds 2020-06-27 v0.33 Utility functions of pdfTeX for LuaTeX (HO)
 (C:\Users\Camille\anaconda3\pkgs\miktex-23.5-hcfcfb64_0\Library\miktex\texmfs\install\tex/generic/infwarerr\infwarerr.sty
Package: infwarerr 2019/12/03 v1.5 Providing info/warning/error messages (HO)
)
Package pdftexcmds Info: \pdf@primitive is available.
Package pdftexcmds Info: \pdf@ifprimitive is available.
Package pdftexcmds Info: \pdfdraftmode found.
) (C:\Users\Camille\anaconda3\pkgs\miktex-23.5-hcfcfb64_0\Library\miktex\texmfs\install\tex/latex/kvsetkeys\kvsetkeys.sty
Package: kvsetkeys 2022-10-05 v1.19 Key value parser (HO)
) (C:\Users\Camille\anaconda3\pkgs\miktex-23.5-hcfcfb64_0\Library\miktex\texmfs\install\tex/generic/kvdefinekeys\kvdefinekeys.sty
Package: kvdefinekeys 2019-12-19 v1.6 Define keys (HO)
) (C:\Users\Camille\anaconda3\pkgs\miktex-23.5-hcfcfb64_0\Library\miktex\texmfs\install\tex/generic/pdfescape\pdfescape.sty
Package: pdfescape 2019/12/09 v1.15 Implements pdfTeX's escape features (HO)
) (C:\Users\Camille\anaconda3\pkgs\miktex-23.5-hcfcfb64_0\Library\miktex\texmfs\install\tex/latex/hycolor\hycolor.sty
Package: hycolor 2020-01-27 v1.10 Color options for hyperref/bookmark (HO)
) (C:\Users\Camille\anaconda3\pkgs\miktex-23.5-hcfcfb64_0\Library\miktex\texmfs\install\tex/latex/letltxmacro\letltxmacro.sty
Package: letltxmacro 2019/12/03 v1.6 Let assignment for LaTeX macros (HO)
) (C:\Users\Camille\anaconda3\pkgs\miktex-23.5-hcfcfb64_0\Library\miktex\texmfs\install\tex/latex/auxhook\auxhook.sty
Package: auxhook 2019-12-17 v1.6 Hooks for auxiliary files (HO)
) (C:\Users\Camille\anaconda3\pkgs\miktex-23.5-hcfcfb64_0\Library\miktex\texmfs\install\tex/latex/hyperref\nameref.sty
Package: nameref 2023-08-07 v2.53 Cross-referencing by name of section
 (C:\Users\Camille\anaconda3\pkgs\miktex-23.5-hcfcfb64_0\Library\miktex\texmfs\install\tex/latex/refcount\refcount.sty
Package: refcount 2019/12/15 v3.6 Data extraction from label references (HO)
) (C:\Users\Camille\anaconda3\pkgs\miktex-23.5-hcfcfb64_0\Library\miktex\texmfs\install\tex/generic/gettitlestring\gettitlestring.sty
Package: gettitlestring 2019/12/15 v1.6 Cleanup title references (HO)
 (C:\Users\Camille\anaconda3\pkgs\miktex-23.5-hcfcfb64_0\Library\miktex\texmfs\install\tex/latex/kvoptions\kvoptions.sty
Package: kvoptions 2022-06-15 v3.15 Key value format for package options (HO)
))
\c@section@level=\count276
) (C:\Users\Camille\anaconda3\pkgs\miktex-23.5-hcfcfb64_0\Library\miktex\texmfs\install\tex/latex/etoolbox\etoolbox.sty
Package: etoolbox 2020/10/05 v2.5k e-TeX tools for LaTeX (JAW)
\etb@tempcnta=\count277
)
\@linkdim=\dimen161
\Hy@linkcounter=\count278
\Hy@pagecounter=\count279
 (C:\Users\Camille\anaconda3\pkgs\miktex-23.5-hcfcfb64_0\Library\miktex\texmfs\install\tex/latex/hyperref\pd1enc.def
File: pd1enc.def 2023-07-08 v7.01b Hyperref: PDFDocEncoding definition (HO)
Now handling font encoding PD1 ...
... no UTF-8 mapping file for font encoding PD1
) (C:\Users\Camille\anaconda3\pkgs\miktex-23.5-hcfcfb64_0\Library\miktex\texmfs\install\tex/generic/intcalc\intcalc.sty
Package: intcalc 2019/12/15 v1.3 Expandable calculations with integers (HO)
)
\Hy@SavedSpaceFactor=\count280
 (C:\Users\Camille\anaconda3\pkgs\miktex-23.5-hcfcfb64_0\Library\miktex\texmfs\install\tex/latex/hyperref\puenc.def
File: puenc.def 2023-07-08 v7.01b Hyperref: PDF Unicode definition (HO)
Now handling font encoding PU ...
... no UTF-8 mapping file for font encoding PU
)
Package hyperref Info: Option `colorlinks' set `true' on input line 4050.
Package hyperref Info: Hyper figures OFF on input line 4167.
Package hyperref Info: Link nesting OFF on input line 4172.
Package hyperref Info: Hyper index ON on input line 4175.
Package hyperref Info: Plain pages OFF on input line 4182.
Package hyperref Info: Backreferencing OFF on input line 4187.
Package hyperref Info: Implicit mode ON; LaTeX internals redefined.
Package hyperref Info: Bookmarks ON on input line 4434.
\c@Hy@tempcnt=\count281
 (C:\Users\Camille\anaconda3\pkgs\miktex-23.5-hcfcfb64_0\Library\miktex\texmfs\install\tex/latex/url\url.sty
\Urlmuskip=\muskip17
Package: url 2013/09/16  ver 3.4  Verb mode for urls, etc.
)
LaTeX Info: Redefining \url on input line 4772.
\XeTeXLinkMargin=\dimen162
 (C:\Users\Camille\anaconda3\pkgs\miktex-23.5-hcfcfb64_0\Library\miktex\texmfs\install\tex/generic/bitset\bitset.sty
Package: bitset 2019/12/09 v1.3 Handle bit-vector datatype (HO)
 (C:\Users\Camille\anaconda3\pkgs\miktex-23.5-hcfcfb64_0\Library\miktex\texmfs\install\tex/generic/bigintcalc\bigintcalc.sty
Package: bigintcalc 2019/12/15 v1.5 Expandable calculations on big integers (HO)
))
\Fld@menulength=\count282
\Field@Width=\dimen163
\Fld@charsize=\dimen164
Package hyperref Info: Hyper figures OFF on input line 6051.
Package hyperref Info: Link nesting OFF on input line 6056.
Package hyperref Info: Hyper index ON on input line 6059.
Package hyperref Info: backreferencing OFF on input line 6066.
Package hyperref Info: Link coloring ON on input line 6069.
Package hyperref Info: Link coloring with OCG OFF on input line 6076.
Package hyperref Info: PDF/A mode OFF on input line 6081.
 (C:\Users\Camille\anaconda3\pkgs\miktex-23.5-hcfcfb64_0\Library\miktex\texmfs\install\tex/latex/base\atbegshi-ltx.sty
Package: atbegshi-ltx 2021/01/10 v1.0c Emulation of the original atbegshi
package with kernel methods
)
\Hy@abspage=\count283
\c@Item=\count284
\c@Hfootnote=\count285
)
Package hyperref Info: Driver (autodetected): hpdftex.
 (C:\Users\Camille\anaconda3\pkgs\miktex-23.5-hcfcfb64_0\Library\miktex\texmfs\install\tex/latex/hyperref\hpdftex.def
File: hpdftex.def 2023-07-08 v7.01b Hyperref driver for pdfTeX
 (C:\Users\Camille\anaconda3\pkgs\miktex-23.5-hcfcfb64_0\Library\miktex\texmfs\install\tex/latex/base\atveryend-ltx.sty
Package: atveryend-ltx 2020/08/19 v1.0a Emulation of the original atveryend package
with kernel methods
)
\Fld@listcount=\count286
\c@bookmark@seq@number=\count287
 (C:\Users\Camille\anaconda3\pkgs\miktex-23.5-hcfcfb64_0\Library\miktex\texmfs\install\tex/latex/rerunfilecheck\rerunfilecheck.sty
Package: rerunfilecheck 2022-07-10 v1.10 Rerun checks for auxiliary files (HO)
 (C:\Users\Camille\anaconda3\pkgs\miktex-23.5-hcfcfb64_0\Library\miktex\texmfs\install\tex/generic/uniquecounter\uniquecounter.sty
Package: uniquecounter 2019/12/15 v1.4 Provide unlimited unique counter (HO)
)
Package uniquecounter Info: New unique counter `rerunfilecheck' on input line 285.
)
\Hy@SectionHShift=\skip53
) (C:\Users\Camille\anaconda3\pkgs\miktex-23.5-hcfcfb64_0\Library\miktex\texmfs\install\tex/latex/listings\listings.sty
\lst@mode=\count288
\lst@gtempboxa=\box53
\lst@token=\toks24
\lst@length=\count289
\lst@currlwidth=\dimen165
\lst@column=\count290
\lst@pos=\count291
\lst@lostspace=\dimen166
\lst@width=\dimen167
\lst@newlines=\count292
\lst@lineno=\count293
\lst@maxwidth=\dimen168
 (C:\Users\Camille\anaconda3\pkgs\miktex-23.5-hcfcfb64_0\Library\miktex\texmfs\install\tex/latex/listings\lstmisc.sty
File: lstmisc.sty 2023/02/27 1.9 (Carsten Heinz)
\c@lstnumber=\count294
\lst@skipnumbers=\count295
\lst@framebox=\box54
) (C:\Users\Camille\anaconda3\pkgs\miktex-23.5-hcfcfb64_0\Library\miktex\texmfs\install\tex/latex/listings\listings.cfg
File: listings.cfg 2023/02/27 1.9 listings configuration
))
Package: listings 2023/02/27 1.9 (Carsten Heinz)
 (C:\Users\Camille\anaconda3\pkgs\miktex-23.5-hcfcfb64_0\Library\miktex\texmfs\install\tex/latex/tcolorbox\tcolorbox.sty
Package: tcolorbox 2024/01/10 version 6.2.0 text color boxes
 (C:\Users\Camille\anaconda3\pkgs\miktex-23.5-hcfcfb64_0\Library\miktex\texmfs\install\tex/latex/pgf/basiclayer\pgf.sty (C:\Users\Camille\anaconda3\pkgs\miktex-23.5-hcfcfb64_0\Library\miktex\texmfs\install\tex/latex/pgf/utilities\pgfrcs.sty (C:\Users\Camille\anaconda3\pkgs\miktex-23.5-hcfcfb64_0\Library\miktex\texmfs\install\tex/generic/pgf/utilities\pgfutil-common.tex
\pgfutil@everybye=\toks25
\pgfutil@tempdima=\dimen169
\pgfutil@tempdimb=\dimen170
) (C:\Users\Camille\anaconda3\pkgs\miktex-23.5-hcfcfb64_0\Library\miktex\texmfs\install\tex/generic/pgf/utilities\pgfutil-latex.def
\pgfutil@abb=\box55
) (C:\Users\Camille\anaconda3\pkgs\miktex-23.5-hcfcfb64_0\Library\miktex\texmfs\install\tex/generic/pgf/utilities\pgfrcs.code.tex (C:\Users\Camille\anaconda3\pkgs\miktex-23.5-hcfcfb64_0\Library\miktex\texmfs\install\tex/generic/pgf\pgf.revision.tex)
Package: pgfrcs 2023-01-15 v3.1.10 (3.1.10)
))
Package: pgf 2023-01-15 v3.1.10 (3.1.10)
 (C:\Users\Camille\anaconda3\pkgs\miktex-23.5-hcfcfb64_0\Library\miktex\texmfs\install\tex/latex/pgf/basiclayer\pgfcore.sty (C:\Users\Camille\anaconda3\pkgs\miktex-23.5-hcfcfb64_0\Library\miktex\texmfs\install\tex/latex/pgf/systemlayer\pgfsys.sty (C:\Users\Camille\anaconda3\pkgs\miktex-23.5-hcfcfb64_0\Library\miktex\texmfs\install\tex/generic/pgf/systemlayer\pgfsys.code.tex
Package: pgfsys 2023-01-15 v3.1.10 (3.1.10)
 (C:\Users\Camille\anaconda3\pkgs\miktex-23.5-hcfcfb64_0\Library\miktex\texmfs\install\tex/generic/pgf/utilities\pgfkeys.code.tex
\pgfkeys@pathtoks=\toks26
\pgfkeys@temptoks=\toks27
 (C:\Users\Camille\anaconda3\pkgs\miktex-23.5-hcfcfb64_0\Library\miktex\texmfs\install\tex/generic/pgf/utilities\pgfkeyslibraryfiltered.code.tex
\pgfkeys@tmptoks=\toks28
))
\pgf@x=\dimen171
\pgf@y=\dimen172
\pgf@xa=\dimen173
\pgf@ya=\dimen174
\pgf@xb=\dimen175
\pgf@yb=\dimen176
\pgf@xc=\dimen177
\pgf@yc=\dimen178
\pgf@xd=\dimen179
\pgf@yd=\dimen180
\w@pgf@writea=\write3
\r@pgf@reada=\read3
\c@pgf@counta=\count296
\c@pgf@countb=\count297
\c@pgf@countc=\count298
\c@pgf@countd=\count299
\t@pgf@toka=\toks29
\t@pgf@tokb=\toks30
\t@pgf@tokc=\toks31
\pgf@sys@id@count=\count300
 (C:\Users\Camille\anaconda3\pkgs\miktex-23.5-hcfcfb64_0\Library\miktex\texmfs\install\tex/generic/pgf/systemlayer\pgf.cfg
File: pgf.cfg 2023-01-15 v3.1.10 (3.1.10)
)
Driver file for pgf: pgfsys-pdftex.def
 (C:\Users\Camille\anaconda3\pkgs\miktex-23.5-hcfcfb64_0\Library\miktex\texmfs\install\tex/generic/pgf/systemlayer\pgfsys-pdftex.def
File: pgfsys-pdftex.def 2023-01-15 v3.1.10 (3.1.10)
 (C:\Users\Camille\anaconda3\pkgs\miktex-23.5-hcfcfb64_0\Library\miktex\texmfs\install\tex/generic/pgf/systemlayer\pgfsys-common-pdf.def
File: pgfsys-common-pdf.def 2023-01-15 v3.1.10 (3.1.10)
))) (C:\Users\Camille\anaconda3\pkgs\miktex-23.5-hcfcfb64_0\Library\miktex\texmfs\install\tex/generic/pgf/systemlayer\pgfsyssoftpath.code.tex
File: pgfsyssoftpath.code.tex 2023-01-15 v3.1.10 (3.1.10)
\pgfsyssoftpath@smallbuffer@items=\count301
\pgfsyssoftpath@bigbuffer@items=\count302
) (C:\Users\Camille\anaconda3\pkgs\miktex-23.5-hcfcfb64_0\Library\miktex\texmfs\install\tex/generic/pgf/systemlayer\pgfsysprotocol.code.tex
File: pgfsysprotocol.code.tex 2023-01-15 v3.1.10 (3.1.10)
)) (C:\Users\Camille\anaconda3\pkgs\miktex-23.5-hcfcfb64_0\Library\miktex\texmfs\install\tex/latex/xcolor\xcolor.sty
Package: xcolor 2022/06/12 v2.14 LaTeX color extensions (UK)
 (C:\Users\Camille\anaconda3\pkgs\miktex-23.5-hcfcfb64_0\Library\miktex\texmfs\install\tex/latex/graphics-cfg\color.cfg
File: color.cfg 2016/01/02 v1.6 sample color configuration
)
Package xcolor Info: Driver file: pdftex.def on input line 227.
 (C:\Users\Camille\anaconda3\pkgs\miktex-23.5-hcfcfb64_0\Library\miktex\texmfs\install\tex/latex/graphics\mathcolor.ltx)
Package xcolor Info: Model `cmy' substituted by `cmy0' on input line 1353.
Package xcolor Info: Model `hsb' substituted by `rgb' on input line 1357.
Package xcolor Info: Model `RGB' extended on input line 1369.
Package xcolor Info: Model `HTML' substituted by `rgb' on input line 1371.
Package xcolor Info: Model `Hsb' substituted by `hsb' on input line 1372.
Package xcolor Info: Model `tHsb' substituted by `hsb' on input line 1373.
Package xcolor Info: Model `HSB' substituted by `hsb' on input line 1374.
Package xcolor Info: Model `Gray' substituted by `gray' on input line 1375.
Package xcolor Info: Model `wave' substituted by `hsb' on input line 1376.
) (C:\Users\Camille\anaconda3\pkgs\miktex-23.5-hcfcfb64_0\Library\miktex\texmfs\install\tex/generic/pgf/basiclayer\pgfcore.code.tex
Package: pgfcore 2023-01-15 v3.1.10 (3.1.10)
 (C:\Users\Camille\anaconda3\pkgs\miktex-23.5-hcfcfb64_0\Library\miktex\texmfs\install\tex/generic/pgf/math\pgfmath.code.tex (C:\Users\Camille\anaconda3\pkgs\miktex-23.5-hcfcfb64_0\Library\miktex\texmfs\install\tex/generic/pgf/math\pgfmathutil.code.tex) (C:\Users\Camille\anaconda3\pkgs\miktex-23.5-hcfcfb64_0\Library\miktex\texmfs\install\tex/generic/pgf/math\pgfmathparser.code.tex
\pgfmath@dimen=\dimen181
\pgfmath@count=\count303
\pgfmath@box=\box56
\pgfmath@toks=\toks32
\pgfmath@stack@operand=\toks33
\pgfmath@stack@operation=\toks34
) (C:\Users\Camille\anaconda3\pkgs\miktex-23.5-hcfcfb64_0\Library\miktex\texmfs\install\tex/generic/pgf/math\pgfmathfunctions.code.tex) (C:\Users\Camille\anaconda3\pkgs\miktex-23.5-hcfcfb64_0\Library\miktex\texmfs\install\tex/generic/pgf/math\pgfmathfunctions.basic.code.tex) (C:\Users\Camille\anaconda3\pkgs\miktex-23.5-hcfcfb64_0\Library\miktex\texmfs\install\tex/generic/pgf/math\pgfmathfunctions.trigonometric.code.tex) (C:\Users\Camille\anaconda3\pkgs\miktex-23.5-hcfcfb64_0\Library\miktex\texmfs\install\tex/generic/pgf/math\pgfmathfunctions.random.code.tex) (C:\Users\Camille\anaconda3\pkgs\miktex-23.5-hcfcfb64_0\Library\miktex\texmfs\install\tex/generic/pgf/math\pgfmathfunctions.comparison.code.tex) (C:\Users\Camille\anaconda3\pkgs\miktex-23.5-hcfcfb64_0\Library\miktex\texmfs\install\tex/generic/pgf/math\pgfmathfunctions.base.code.tex) (C:\Users\Camille\anaconda3\pkgs\miktex-23.5-hcfcfb64_0\Library\miktex\texmfs\install\tex/generic/pgf/math\pgfmathfunctions.round.code.tex) (C:\Users\Camille\anaconda3\pkgs\miktex-23.5-hcfcfb64_0\Library\miktex\texmfs\install\tex/generic/pgf/math\pgfmathfunctions.misc.code.tex) (C:\Users\Camille\anaconda3\pkgs\miktex-23.5-hcfcfb64_0\Library\miktex\texmfs\install\tex/generic/pgf/math\pgfmathfunctions.integerarithmetics.code.tex) (C:\Users\Camille\anaconda3\pkgs\miktex-23.5-hcfcfb64_0\Library\miktex\texmfs\install\tex/generic/pgf/math\pgfmathcalc.code.tex) (C:\Users\Camille\anaconda3\pkgs\miktex-23.5-hcfcfb64_0\Library\miktex\texmfs\install\tex/generic/pgf/math\pgfmathfloat.code.tex
\c@pgfmathroundto@lastzeros=\count304
)) (C:\Users\Camille\anaconda3\pkgs\miktex-23.5-hcfcfb64_0\Library\miktex\texmfs\install\tex/generic/pgf/math\pgfint.code.tex) (C:\Users\Camille\anaconda3\pkgs\miktex-23.5-hcfcfb64_0\Library\miktex\texmfs\install\tex/generic/pgf/basiclayer\pgfcorepoints.code.tex
File: pgfcorepoints.code.tex 2023-01-15 v3.1.10 (3.1.10)
\pgf@picminx=\dimen182
\pgf@picmaxx=\dimen183
\pgf@picminy=\dimen184
\pgf@picmaxy=\dimen185
\pgf@pathminx=\dimen186
\pgf@pathmaxx=\dimen187
\pgf@pathminy=\dimen188
\pgf@pathmaxy=\dimen189
\pgf@xx=\dimen190
\pgf@xy=\dimen191
\pgf@yx=\dimen192
\pgf@yy=\dimen193
\pgf@zx=\dimen194
\pgf@zy=\dimen195
) (C:\Users\Camille\anaconda3\pkgs\miktex-23.5-hcfcfb64_0\Library\miktex\texmfs\install\tex/generic/pgf/basiclayer\pgfcorepathconstruct.code.tex
File: pgfcorepathconstruct.code.tex 2023-01-15 v3.1.10 (3.1.10)
\pgf@path@lastx=\dimen196
\pgf@path@lasty=\dimen197
) (C:\Users\Camille\anaconda3\pkgs\miktex-23.5-hcfcfb64_0\Library\miktex\texmfs\install\tex/generic/pgf/basiclayer\pgfcorepathusage.code.tex
File: pgfcorepathusage.code.tex 2023-01-15 v3.1.10 (3.1.10)
\pgf@shorten@end@additional=\dimen198
\pgf@shorten@start@additional=\dimen199
) (C:\Users\Camille\anaconda3\pkgs\miktex-23.5-hcfcfb64_0\Library\miktex\texmfs\install\tex/generic/pgf/basiclayer\pgfcorescopes.code.tex
File: pgfcorescopes.code.tex 2023-01-15 v3.1.10 (3.1.10)
\pgfpic=\box57
\pgf@hbox=\box58
\pgf@layerbox@main=\box59
\pgf@picture@serial@count=\count305
) (C:\Users\Camille\anaconda3\pkgs\miktex-23.5-hcfcfb64_0\Library\miktex\texmfs\install\tex/generic/pgf/basiclayer\pgfcoregraphicstate.code.tex
File: pgfcoregraphicstate.code.tex 2023-01-15 v3.1.10 (3.1.10)
\pgflinewidth=\dimen256
)
(C:\Users\Camille\anaconda3\pkgs\miktex-23.5-hcfcfb64_0\Library\miktex\texmfs\install\tex/generic/pgf/basiclayer\pgfcoretransformations.code.tex
File: pgfcoretransformations.code.tex 2023-01-15 v3.1.10 (3.1.10)
\pgf@pt@x=\dimen257
\pgf@pt@y=\dimen258
\pgf@pt@temp=\dimen259
) (C:\Users\Camille\anaconda3\pkgs\miktex-23.5-hcfcfb64_0\Library\miktex\texmfs\install\tex/generic/pgf/basiclayer\pgfcorequick.code.tex
File: pgfcorequick.code.tex 2023-01-15 v3.1.10 (3.1.10)
) (C:\Users\Camille\anaconda3\pkgs\miktex-23.5-hcfcfb64_0\Library\miktex\texmfs\install\tex/generic/pgf/basiclayer\pgfcoreobjects.code.tex
File: pgfcoreobjects.code.tex 2023-01-15 v3.1.10 (3.1.10)
) (C:\Users\Camille\anaconda3\pkgs\miktex-23.5-hcfcfb64_0\Library\miktex\texmfs\install\tex/generic/pgf/basiclayer\pgfcorepathprocessing.code.tex
File: pgfcorepathprocessing.code.tex 2023-01-15 v3.1.10 (3.1.10)
) (C:\Users\Camille\anaconda3\pkgs\miktex-23.5-hcfcfb64_0\Library\miktex\texmfs\install\tex/generic/pgf/basiclayer\pgfcorearrows.code.tex
File: pgfcorearrows.code.tex 2023-01-15 v3.1.10 (3.1.10)
\pgfarrowsep=\dimen260
) (C:\Users\Camille\anaconda3\pkgs\miktex-23.5-hcfcfb64_0\Library\miktex\texmfs\install\tex/generic/pgf/basiclayer\pgfcoreshade.code.tex
File: pgfcoreshade.code.tex 2023-01-15 v3.1.10 (3.1.10)
\pgf@max=\dimen261
\pgf@sys@shading@range@num=\count306
\pgf@shadingcount=\count307
) (C:\Users\Camille\anaconda3\pkgs\miktex-23.5-hcfcfb64_0\Library\miktex\texmfs\install\tex/generic/pgf/basiclayer\pgfcoreimage.code.tex
File: pgfcoreimage.code.tex 2023-01-15 v3.1.10 (3.1.10)
) (C:\Users\Camille\anaconda3\pkgs\miktex-23.5-hcfcfb64_0\Library\miktex\texmfs\install\tex/generic/pgf/basiclayer\pgfcoreexternal.code.tex
File: pgfcoreexternal.code.tex 2023-01-15 v3.1.10 (3.1.10)
\pgfexternal@startupbox=\box60
) (C:\Users\Camille\anaconda3\pkgs\miktex-23.5-hcfcfb64_0\Library\miktex\texmfs\install\tex/generic/pgf/basiclayer\pgfcorelayers.code.tex
File: pgfcorelayers.code.tex 2023-01-15 v3.1.10 (3.1.10)
) (C:\Users\Camille\anaconda3\pkgs\miktex-23.5-hcfcfb64_0\Library\miktex\texmfs\install\tex/generic/pgf/basiclayer\pgfcoretransparency.code.tex
File: pgfcoretransparency.code.tex 2023-01-15 v3.1.10 (3.1.10)
) (C:\Users\Camille\anaconda3\pkgs\miktex-23.5-hcfcfb64_0\Library\miktex\texmfs\install\tex/generic/pgf/basiclayer\pgfcorepatterns.code.tex
File: pgfcorepatterns.code.tex 2023-01-15 v3.1.10 (3.1.10)
) (C:\Users\Camille\anaconda3\pkgs\miktex-23.5-hcfcfb64_0\Library\miktex\texmfs\install\tex/generic/pgf/basiclayer\pgfcorerdf.code.tex
File: pgfcorerdf.code.tex 2023-01-15 v3.1.10 (3.1.10)
))) (C:\Users\Camille\anaconda3\pkgs\miktex-23.5-hcfcfb64_0\Library\miktex\texmfs\install\tex/generic/pgf/modules\pgfmoduleshapes.code.tex
File: pgfmoduleshapes.code.tex 2023-01-15 v3.1.10 (3.1.10)
\pgfnodeparttextbox=\box61
) (C:\Users\Camille\anaconda3\pkgs\miktex-23.5-hcfcfb64_0\Library\miktex\texmfs\install\tex/generic/pgf/modules\pgfmoduleplot.code.tex
File: pgfmoduleplot.code.tex 2023-01-15 v3.1.10 (3.1.10)
) (C:\Users\Camille\anaconda3\pkgs\miktex-23.5-hcfcfb64_0\Library\miktex\texmfs\install\tex/latex/pgf/compatibility\pgfcomp-version-0-65.sty
Package: pgfcomp-version-0-65 2023-01-15 v3.1.10 (3.1.10)
\pgf@nodesepstart=\dimen262
\pgf@nodesepend=\dimen263
) (C:\Users\Camille\anaconda3\pkgs\miktex-23.5-hcfcfb64_0\Library\miktex\texmfs\install\tex/latex/pgf/compatibility\pgfcomp-version-1-18.sty
Package: pgfcomp-version-1-18 2023-01-15 v3.1.10 (3.1.10)
)) (C:\Users\Camille\anaconda3\pkgs\miktex-23.5-hcfcfb64_0\Library\miktex\texmfs\install\tex/latex/tools\verbatim.sty
Package: verbatim 2022-07-02 v1.5u LaTeX2e package for verbatim enhancements
\every@verbatim=\toks35
\verbatim@line=\toks36
\verbatim@in@stream=\read4
) (C:\Users\Camille\anaconda3\pkgs\miktex-23.5-hcfcfb64_0\Library\miktex\texmfs\install\tex/latex/environ\environ.sty
Package: environ 2014/05/04 v0.3 A new way to define environments
 (C:\Users\Camille\anaconda3\pkgs\miktex-23.5-hcfcfb64_0\Library\miktex\texmfs\install\tex/latex/trimspaces\trimspaces.sty
Package: trimspaces 2009/09/17 v1.1 Trim spaces around a token list
))
\tcb@titlebox=\box62
\tcb@upperbox=\box63
\tcb@lowerbox=\box64
\tcb@phantombox=\box65
\c@tcbbreakpart=\count308
\c@tcblayer=\count309
\c@tcolorbox@number=\count310
\l__tcobox_tmpa_box=\box66
\l__tcobox_tmpa_dim=\dimen264
\tcb@temp=\box67
\tcb@temp=\box68
\tcb@temp=\box69
\tcb@temp=\box70
 (C:\Users\Camille\anaconda3\pkgs\miktex-23.5-hcfcfb64_0\Library\miktex\texmfs\install\tex/latex/tcolorbox\tcbraster.code.tex
Library (tcolorbox): 'tcbraster.code.tex' version '6.2.0'
\c@tcbrastercolumn=\count311
\c@tcbrasterrow=\count312
\c@tcbrasternum=\count313
\c@tcbraster=\count314
) (C:\Users\Camille\anaconda3\pkgs\miktex-23.5-hcfcfb64_0\Library\miktex\texmfs\install\tex/latex/tcolorbox\tcbskins.code.tex
Library (tcolorbox): 'tcbskins.code.tex' version '6.2.0'
(C:\Users\Camille\anaconda3\pkgs\miktex-23.5-hcfcfb64_0\Library\miktex\texmfs\install\tex/latex/pgf/frontendlayer\tikz.sty (C:\Users\Camille\anaconda3\pkgs\miktex-23.5-hcfcfb64_0\Library\miktex\texmfs\install\tex/latex/pgf/utilities\pgffor.sty (C:\Users\Camille\anaconda3\pkgs\miktex-23.5-hcfcfb64_0\Library\miktex\texmfs\install\tex/latex/pgf/utilities\pgfkeys.sty (C:\Users\Camille\anaconda3\pkgs\miktex-23.5-hcfcfb64_0\Library\miktex\texmfs\install\tex/generic/pgf/utilities\pgfkeys.code.tex)) (C:\Users\Camille\anaconda3\pkgs\miktex-23.5-hcfcfb64_0\Library\miktex\texmfs\install\tex/latex/pgf/math\pgfmath.sty (C:\Users\Camille\anaconda3\pkgs\miktex-23.5-hcfcfb64_0\Library\miktex\texmfs\install\tex/generic/pgf/math\pgfmath.code.tex)) (C:\Users\Camille\anaconda3\pkgs\miktex-23.5-hcfcfb64_0\Library\miktex\texmfs\install\tex/generic/pgf/utilities\pgffor.code.tex
Package: pgffor 2023-01-15 v3.1.10 (3.1.10)
\pgffor@iter=\dimen265
\pgffor@skip=\dimen266
\pgffor@stack=\toks37
\pgffor@toks=\toks38
)) (C:\Users\Camille\anaconda3\pkgs\miktex-23.5-hcfcfb64_0\Library\miktex\texmfs\install\tex/generic/pgf/frontendlayer/tikz\tikz.code.tex
Package: tikz 2023-01-15 v3.1.10 (3.1.10)
 (C:\Users\Camille\anaconda3\pkgs\miktex-23.5-hcfcfb64_0\Library\miktex\texmfs\install\tex/generic/pgf/libraries\pgflibraryplothandlers.code.tex
File: pgflibraryplothandlers.code.tex 2023-01-15 v3.1.10 (3.1.10)
\pgf@plot@mark@count=\count315
\pgfplotmarksize=\dimen267
)
\tikz@lastx=\dimen268
\tikz@lasty=\dimen269
\tikz@lastxsaved=\dimen270
\tikz@lastysaved=\dimen271
\tikz@lastmovetox=\dimen272
\tikz@lastmovetoy=\dimen273
\tikzleveldistance=\dimen274
\tikzsiblingdistance=\dimen275
\tikz@figbox=\box71
\tikz@figbox@bg=\box72
\tikz@tempbox=\box73
\tikz@tempbox@bg=\box74
\tikztreelevel=\count316
\tikznumberofchildren=\count317
\tikznumberofcurrentchild=\count318
\tikz@fig@count=\count319
 (C:\Users\Camille\anaconda3\pkgs\miktex-23.5-hcfcfb64_0\Library\miktex\texmfs\install\tex/generic/pgf/modules\pgfmodulematrix.code.tex
File: pgfmodulematrix.code.tex 2023-01-15 v3.1.10 (3.1.10)
\pgfmatrixcurrentrow=\count320
\pgfmatrixcurrentcolumn=\count321
\pgf@matrix@numberofcolumns=\count322
)
\tikz@expandcount=\count323
 (C:\Users\Camille\anaconda3\pkgs\miktex-23.5-hcfcfb64_0\Library\miktex\texmfs\install\tex/generic/pgf/frontendlayer/tikz/libraries\tikzlibrarytopaths.code.tex
File: tikzlibrarytopaths.code.tex 2023-01-15 v3.1.10 (3.1.10)
))) (C:\Users\Camille\anaconda3\pkgs\miktex-23.5-hcfcfb64_0\Library\miktex\texmfs\install\tex/latex/tikzfill\tikzfill.image.sty
Package: tikzfill.image 2023/08/08 v1.0.1 Image filling library for TikZ
 (C:\Users\Camille\anaconda3\pkgs\miktex-23.5-hcfcfb64_0\Library\miktex\texmfs\install\tex/latex/tikzfill\tikzfill-common.sty
Package: tikzfill-common 2023/08/08 v1.0.1 Auxiliary code for tikzfill
) (C:\Users\Camille\anaconda3\pkgs\miktex-23.5-hcfcfb64_0\Library\miktex\texmfs\install\tex/latex/tikzfill\tikzlibraryfill.image.code.tex
File: tikzlibraryfill.image.code.tex 2023/08/08 v1.0.1 Image filling library
\l__tikzfill_img_box=\box75
)) (C:\Users\Camille\anaconda3\pkgs\miktex-23.5-hcfcfb64_0\Library\miktex\texmfs\install\tex/latex/tcolorbox\tcbskinsjigsaw.code.tex
Library (tcolorbox): 'tcbskinsjigsaw.code.tex' version '6.2.0'
)) (C:\Users\Camille\anaconda3\pkgs\miktex-23.5-hcfcfb64_0\Library\miktex\texmfs\install\tex/latex/tcolorbox\tcbbreakable.code.tex
Library (tcolorbox): 'tcbbreakable.code.tex' version '6.2.0'
(C:\Users\Camille\anaconda3\pkgs\miktex-23.5-hcfcfb64_0\Library\miktex\texmfs\install\tex/latex/pdfcol\pdfcol.sty
Package: pdfcol 2022-09-21 v1.7 Handle new color stacks for pdfTeX (HO)
)
Package pdfcol Info: New color stack `tcb@breakable' = 1 on input line 23.
\tcb@testbox=\box76
\tcb@totalupperbox=\box77
\tcb@totallowerbox=\box78
) (C:\Users\Camille\anaconda3\pkgs\miktex-23.5-hcfcfb64_0\Library\miktex\texmfs\install\tex/latex/tcolorbox\tcbhooks.code.tex
Library (tcolorbox): 'tcbhooks.code.tex' version '6.2.0'
) (C:\Users\Camille\anaconda3\pkgs\miktex-23.5-hcfcfb64_0\Library\miktex\texmfs\install\tex/latex/tcolorbox\tcbtheorems.code.tex
Library (tcolorbox): 'tcbtheorems.code.tex' version '6.2.0'
) (C:\Users\Camille\anaconda3\pkgs\miktex-23.5-hcfcfb64_0\Library\miktex\texmfs\install\tex/latex/tcolorbox\tcbfitting.code.tex
Library (tcolorbox): 'tcbfitting.code.tex' version '6.2.0'
\tcbfitdim=\dimen276
\tcb@lowerfitdim=\dimen277
\tcb@upperfitdim=\dimen278
\tcb@cur@hbadness=\count324
) (C:\Users\Camille\anaconda3\pkgs\miktex-23.5-hcfcfb64_0\Library\miktex\texmfs\install\tex/latex/tcolorbox\tcblistingsutf8.code.tex
Library (tcolorbox): 'tcblistingsutf8.code.tex' version '6.2.0'
(C:\Users\Camille\anaconda3\pkgs\miktex-23.5-hcfcfb64_0\Library\miktex\texmfs\install\tex/latex/tcolorbox\tcblistings.code.tex
Library (tcolorbox): 'tcblistings.code.tex' version '6.2.0'
(C:\Users\Camille\anaconda3\pkgs\miktex-23.5-hcfcfb64_0\Library\miktex\texmfs\install\tex/latex/tcolorbox\tcblistingscore.code.tex
Library (tcolorbox): 'tcblistingscore.code.tex' version '6.2.0'
(C:\Users\Camille\anaconda3\pkgs\miktex-23.5-hcfcfb64_0\Library\miktex\texmfs\install\tex/latex/tcolorbox\tcbprocessing.code.tex
Library (tcolorbox): 'tcbprocessing.code.tex' version '6.2.0'
)
\c@tcblisting=\count325
)) (C:\Users\Camille\anaconda3\pkgs\miktex-23.5-hcfcfb64_0\Library\miktex\texmfs\install\tex/latex/listingsutf8\listingsutf8.sty
Package: listingsutf8 2019-12-10 v1.5 Allow UTF-8 in listings input (HO)
 (C:\Users\Camille\anaconda3\pkgs\miktex-23.5-hcfcfb64_0\Library\miktex\texmfs\install\tex/generic/stringenc\stringenc.sty
Package: stringenc 2019/11/29 v1.12 Convert strings between diff. encodings (HO)
))) (C:\Users\Camille\anaconda3\pkgs\miktex-23.5-hcfcfb64_0\Library\miktex\texmfs\install\tex/latex/tcolorbox\tcbexternal.code.tex
Library (tcolorbox): 'tcbexternal.code.tex' version '6.2.0'
) (C:\Users\Camille\anaconda3\pkgs\miktex-23.5-hcfcfb64_0\Library\miktex\texmfs\install\tex/latex/tcolorbox\tcbmagazine.code.tex
Library (tcolorbox): 'tcbmagazine.code.tex' version '6.2.0'
) (C:\Users\Camille\anaconda3\pkgs\miktex-23.5-hcfcfb64_0\Library\miktex\texmfs\install\tex/latex/tcolorbox\tcbvignette.code.tex
Library (tcolorbox): 'tcbvignette.code.tex' version '6.2.0'
(C:\Users\Camille\anaconda3\pkgs\miktex-23.5-hcfcfb64_0\Library\miktex\texmfs\install\tex/generic/pgf/frontendlayer/tikz/libraries\tikzlibraryfadings.code.tex
File: tikzlibraryfadings.code.tex 2023-01-15 v3.1.10 (3.1.10)
 (C:\Users\Camille\anaconda3\pkgs\miktex-23.5-hcfcfb64_0\Library\miktex\texmfs\install\tex/generic/pgf/libraries\pgflibraryfadings.code.tex
File: pgflibraryfadings.code.tex 2023-01-15 v3.1.10 (3.1.10)
))) (C:\Users\Camille\anaconda3\pkgs\miktex-23.5-hcfcfb64_0\Library\miktex\texmfs\install\tex/latex/tcolorbox\tcbposter.code.tex
Library (tcolorbox): 'tcbposter.code.tex' version '6.2.0'
)) (C:\Users\Camille\anaconda3\pkgs\miktex-23.5-hcfcfb64_0\Library\miktex\texmfs\install\tex/latex/l3backend\l3backend-pdftex.def
File: l3backend-pdftex.def 2023-04-19 L3 backend support: PDF output (pdfTeX)
\l__color_backend_stack_int=\count326
\l__pdf_internal_box=\box79
) (main.aux)
\openout1 = `main.aux'.

LaTeX Font Info:    Checking defaults for OML/cmm/m/it on input line 21.
LaTeX Font Info:    ... okay on input line 21.
LaTeX Font Info:    Checking defaults for OMS/cmsy/m/n on input line 21.
LaTeX Font Info:    ... okay on input line 21.
LaTeX Font Info:    Checking defaults for OT1/cmr/m/n on input line 21.
LaTeX Font Info:    ... okay on input line 21.
LaTeX Font Info:    Checking defaults for T1/cmr/m/n on input line 21.
LaTeX Font Info:    ... okay on input line 21.
LaTeX Font Info:    Checking defaults for TS1/cmr/m/n on input line 21.
LaTeX Font Info:    ... okay on input line 21.
LaTeX Font Info:    Checking defaults for OMX/cmex/m/n on input line 21.
LaTeX Font Info:    ... okay on input line 21.
LaTeX Font Info:    Checking defaults for U/cmr/m/n on input line 21.
LaTeX Font Info:    ... okay on input line 21.
LaTeX Font Info:    Checking defaults for PD1/pdf/m/n on input line 21.
LaTeX Font Info:    ... okay on input line 21.
LaTeX Font Info:    Checking defaults for PU/pdf/m/n on input line 21.
LaTeX Font Info:    ... okay on input line 21.

*geometry* driver: auto-detecting
*geometry* detected driver: pdftex
*geometry* verbose mode - [ preamble ] result:
* driver: pdftex
* paper: letterpaper
* layout: <same size as paper>
* layoutoffset:(h,v)=(0.0pt,0.0pt)
* modes: 
* h-part:(L,W,R)=(85.35826pt, 443.57848pt, 85.35826pt)
* v-part:(T,H,B)=(56.9055pt, 681.15898pt, 56.9055pt)
* \paperwidth=614.295pt
* \paperheight=794.96999pt
* \textwidth=443.57848pt
* \textheight=681.15898pt
* \oddsidemargin=13.08827pt
* \evensidemargin=13.08827pt
* \topmargin=-52.36449pt
* \headheight=12.0pt
* \headsep=25.0pt
* \topskip=10.0pt
* \footskip=30.0pt
* \marginparwidth=49.79231pt
* \marginparsep=11.0pt
* \columnsep=10.0pt
* \skip\footins=9.0pt plus 4.0pt minus 2.0pt
* \hoffset=0.0pt
* \voffset=0.0pt
* \mag=1000
* \@twocolumnfalse
* \@twosidefalse
* \@mparswitchfalse
* \@reversemarginfalse
* (1in=72.27pt=25.4mm, 1cm=28.453pt)

(C:\Users\Camille\anaconda3\pkgs\miktex-23.5-hcfcfb64_0\Library\miktex\texmfs\install\tex/context/base/mkii\supp-pdf.mkii
[Loading MPS to PDF converter (version 2006.09.02).]
\scratchcounter=\count327
\scratchdimen=\dimen279
\scratchbox=\box80
\nofMPsegments=\count328
\nofMParguments=\count329
\everyMPshowfont=\toks39
\MPscratchCnt=\count330
\MPscratchDim=\dimen280
\MPnumerator=\count331
\makeMPintoPDFobject=\count332
\everyMPtoPDFconversion=\toks40
) (C:\Users\Camille\anaconda3\pkgs\miktex-23.5-hcfcfb64_0\Library\miktex\texmfs\install\tex/latex/epstopdf-pkg\epstopdf-base.sty
Package: epstopdf-base 2020-01-24 v2.11 Base part for package epstopdf
Package epstopdf-base Info: Redefining graphics rule for `.eps' on input line 485.
 (C:\Users\Camille\anaconda3\pkgs\miktex-23.5-hcfcfb64_0\Library\miktex\texmfs\install\tex/latex/00miktex\epstopdf-sys.cfg
File: epstopdf-sys.cfg 2021/03/18 v2.0 Configuration of epstopdf for MiKTeX
))
Package hyperref Info: Link coloring ON on input line 21.
 (main.out) (main.out)
\@outlinefile=\write4
\openout4 = `main.out'.

\c@lstlisting=\count333
 (C:\Users\Camille\anaconda3\pkgs\miktex-23.5-hcfcfb64_0\Library\miktex\texmfs\install\tex/latex/base\inputenc.sty
Package: inputenc 2021/02/14 v1.3d Input encoding file
\inpenc@prehook=\toks41
\inpenc@posthook=\toks42
)
Underfull \hbox (badness 10000) in paragraph at lines 30--31

 []


Underfull \hbox (badness 10000) in paragraph at lines 55--56

 []

LaTeX Font Info:    Trying to load font information for OML+cmr on input line 59.
(C:\Users\Camille\anaconda3\pkgs\miktex-23.5-hcfcfb64_0\Library\miktex\texmfs\install\tex/latex/base\omlcmr.fd
File: omlcmr.fd 2023/04/13 v2.5m Standard LaTeX font definitions
)
LaTeX Font Info:    Font shape `OML/cmr/m/n' in size <10> not available
(Font)              Font shape `OML/cmm/m/it' tried instead on input line 59.

Underfull \hbox (badness 10000) in paragraph at lines 100--101

 []


Overfull \hbox (55.3067pt too wide) in paragraph at lines 104--105
[]\OT1/cmr/m/n/10 cuDNN: [][]$\OT1/cmtt/m/n/10 https : / / docs . nvidia . com / deeplearning / cudnn / backend / latest / reference / support-[]matrix .
 []

[1

{C:/Users/Camille/anaconda3/pkgs/miktex-23.5-hcfcfb64_0/Library/miktex/texmfs/data/fonts/map/pdftex/pdftex.map}{C:/Users/Camille/anaconda3/pkgs/miktex-23.5-hcfcfb64_0/Library/miktex/texmfs/install/fonts/enc/dvips/cm-super/cm-super-ts1.enc}]
Overfull \hbox (115.42699pt too wide) in paragraph at lines 120--121
[][][][][][][][][][][][][][][][][][][][][][][][][][][][] 
 []

(main.bbl) [2] (main.aux)
 ***********
LaTeX2e <2023-06-01> patch level 1
L3 programming layer <2023-08-11>
 ***********
Package rerunfilecheck Info: File `main.out' has not changed.
(rerunfilecheck)             Checksum: B1DE4CF540885B381C68A521DE11A54E;847.
 ) 
Here is how much of TeX's memory you used:
 27968 strings out of 477436
 581032 string characters out of 5809690
 1939248 words of memory out of 5000000
 48509 multiletter control sequences out of 15000+600000
 563993 words of font info for 57 fonts, out of 8000000 for 9000
 0 hyphenation exceptions out of 8191
 93i,6n,99p,472b,1248s stack positions out of 10000i,1000n,20000p,200000b,200000s
<C:/Users/Camille/anaconda3/pkgs/miktex-23.5-hcfcfb64_0/Library/miktex/texmfs/install/fonts/type1/public/amsfonts/cm/cmbx12.pfb><C:/Users/Camille/anaconda3/pkgs/miktex-23.5-hcfcfb64_0/Library/miktex/texmfs/install/fonts/type1/public/amsfonts/cm/cmmi10.pfb><C:/Users/Camille/anaconda3/pkgs/miktex-23.5-hcfcfb64_0/Library/miktex/texmfs/install/fonts/type1/public/amsfonts/cm/cmr10.pfb><C:/Users/Camille/anaconda3/pkgs/miktex-23.5-hcfcfb64_0/Library/miktex/texmfs/install/fonts/type1/public/amsfonts/cm/cmr12.pfb><C:/Users/Camille/anaconda3/pkgs/miktex-23.5-hcfcfb64_0/Library/miktex/texmfs/install/fonts/type1/public/amsfonts/cm/cmr17.pfb><C:/Users/Camille/anaconda3/pkgs/miktex-23.5-hcfcfb64_0/Library/miktex/texmfs/install/fonts/type1/public/amsfonts/cm/cmr7.pfb><C:/Users/Camille/anaconda3/pkgs/miktex-23.5-hcfcfb64_0/Library/miktex/texmfs/install/fonts/type1/public/amsfonts/cm/cmti10.pfb><C:/Users/Camille/anaconda3/pkgs/miktex-23.5-hcfcfb64_0/Library/miktex/texmfs/install/fonts/type1/public/amsfonts/cm/cmtt10.pfb><C:/Users/Camille/anaconda3/pkgs/miktex-23.5-hcfcfb64_0/Library/miktex/texmfs/install/fonts/type1/public/cm-super/sfrm1000.pfb>
Output written on main.pdf (2 pages, 138742 bytes).
PDF statistics:
 180 PDF objects out of 1000 (max. 8388607)
 47 named destinations out of 1000 (max. 500000)
 205 words of extra memory for PDF output out of 10000 (max. 10000000)

